<?xml version="1.0" encoding="UTF-8"?>
<!-- Generated by org.testng.reporters.JUnitXMLReporter -->
<testsuite ignored="0" hostname="LAPTOP-9AVSRCSC" failures="0" tests="1" name="Test1" time="0.012" errors="0" timestamp="2024-10-03T21:05:30 IST">
  <testcase classname="com.test1" name="@BeforeTest setup" time="-1.7279697303E9">
    <failure type="org.testng.TestNGException" message="
Parameter &amp;apos;browser&amp;apos; is required by BeforeTest on method setup but has not been marked @Optional or defined
in C:\Users\RAHUL\eclipse-workspace\zDhanAlgo\testng.xml">
      <![CDATA[org.testng.TestNGException: 
Parameter 'browser' is required by BeforeTest on method setup but has not been marked @Optional or defined
in C:\Users\RAHUL\eclipse-workspace\zDhanAlgo\testng.xml
... Removed 21 stack frames]]>
    </failure>
  </testcase> <!-- @BeforeTest setup -->
  <testcase classname="com.test1" name="@AfterMethod teardown" time="-1.727969730309E9">
    <skipped/>
  </testcase> <!-- @AfterMethod teardown -->
  <testcase classname="com.test1" name="test" time="0.0">
    <skipped/>
  </testcase> <!-- test -->
</testsuite> <!-- Test1 -->
